<?xml version="1.0" encoding="UTF-8"?>
<testsuite xmlns:xsi="http://www.w3.org/2001/XMLSchema-instance" xsi:noNamespaceSchemaLocation="https://maven.apache.org/surefire/maven-surefire-plugin/xsd/surefire-test-report.xsd" name="gov.mil.weatherapp.WeatherappApplicationTests" time="5.684" tests="1" errors="0" skipped="0" failures="0">
  <properties>
    <property name="java.specification.version" value="14"/>
    <property name="sun.jnu.encoding" value="UTF-8"/>
    <property name="java.class.path" value="/Users/mattgunter/Projects/garden-weather-demo2/weather-app/target/test-classes:/Users/mattgunter/Projects/garden-weather-demo2/weather-app/target/classes:/Users/mattgunter/.m2/repository/org/springframework/boot/spring-boot-starter-actuator/2.4.0-SNAPSHOT/spring-boot-starter-actuator-2.4.0-SNAPSHOT.jar:/Users/mattgunter/.m2/repository/org/springframework/boot/spring-boot-starter/2.4.0-SNAPSHOT/spring-boot-starter-2.4.0-SNAPSHOT.jar:/Users/mattgunter/.m2/repository/org/springframework/boot/spring-boot-starter-logging/2.4.0-SNAPSHOT/spring-boot-starter-logging-2.4.0-SNAPSHOT.jar:/Users/mattgunter/.m2/repository/ch/qos/logback/logback-classic/1.2.3/logback-classic-1.2.3.jar:/Users/mattgunter/.m2/repository/ch/qos/logback/logback-core/1.2.3/logback-core-1.2.3.jar:/Users/mattgunter/.m2/repository/org/apache/logging/log4j/log4j-to-slf4j/2.13.3/log4j-to-slf4j-2.13.3.jar:/Users/mattgunter/.m2/repository/org/apache/logging/log4j/log4j-api/2.13.3/log4j-api-2.13.3.jar:/Users/mattgunter/.m2/repository/org/slf4j/jul-to-slf4j/1.7.30/jul-to-slf4j-1.7.30.jar:/Users/mattgunter/.m2/repository/jakarta/annotation/jakarta.annotation-api/1.3.5/jakarta.annotation-api-1.3.5.jar:/Users/mattgunter/.m2/repository/org/yaml/snakeyaml/1.26/snakeyaml-1.26.jar:/Users/mattgunter/.m2/repository/org/springframework/boot/spring-boot-actuator-autoconfigure/2.4.0-SNAPSHOT/spring-boot-actuator-autoconfigure-2.4.0-SNAPSHOT.jar:/Users/mattgunter/.m2/repository/org/springframework/boot/spring-boot-actuator/2.4.0-SNAPSHOT/spring-boot-actuator-2.4.0-SNAPSHOT.jar:/Users/mattgunter/.m2/repository/com/fasterxml/jackson/datatype/jackson-datatype-jsr310/2.11.2/jackson-datatype-jsr310-2.11.2.jar:/Users/mattgunter/.m2/repository/io/micrometer/micrometer-core/1.5.4/micrometer-core-1.5.4.jar:/Users/mattgunter/.m2/repository/org/hdrhistogram/HdrHistogram/2.1.12/HdrHistogram-2.1.12.jar:/Users/mattgunter/.m2/repository/org/latencyutils/LatencyUtils/2.0.3/LatencyUtils-2.0.3.jar:/Users/mattgunter/.m2/repository/org/springframework/boot/spring-boot-starter-amqp/2.4.0-SNAPSHOT/spring-boot-starter-amqp-2.4.0-SNAPSHOT.jar:/Users/mattgunter/.m2/repository/org/springframework/spring-messaging/5.3.0-M2/spring-messaging-5.3.0-M2.jar:/Users/mattgunter/.m2/repository/org/springframework/spring-beans/5.3.0-M2/spring-beans-5.3.0-M2.jar:/Users/mattgunter/.m2/repository/org/springframework/amqp/spring-rabbit/2.3.0-SNAPSHOT/spring-rabbit-2.3.0-SNAPSHOT.jar:/Users/mattgunter/.m2/repository/org/springframework/amqp/spring-amqp/2.3.0-SNAPSHOT/spring-amqp-2.3.0-SNAPSHOT.jar:/Users/mattgunter/.m2/repository/com/rabbitmq/amqp-client/5.9.0/amqp-client-5.9.0.jar:/Users/mattgunter/.m2/repository/org/springframework/spring-context/5.3.0-M2/spring-context-5.3.0-M2.jar:/Users/mattgunter/.m2/repository/org/springframework/spring-tx/5.3.0-M2/spring-tx-5.3.0-M2.jar:/Users/mattgunter/.m2/repository/org/springframework/boot/spring-boot-starter-web/2.4.0-SNAPSHOT/spring-boot-starter-web-2.4.0-SNAPSHOT.jar:/Users/mattgunter/.m2/repository/org/springframework/boot/spring-boot-starter-json/2.4.0-SNAPSHOT/spring-boot-starter-json-2.4.0-SNAPSHOT.jar:/Users/mattgunter/.m2/repository/com/fasterxml/jackson/datatype/jackson-datatype-jdk8/2.11.2/jackson-datatype-jdk8-2.11.2.jar:/Users/mattgunter/.m2/repository/com/fasterxml/jackson/module/jackson-module-parameter-names/2.11.2/jackson-module-parameter-names-2.11.2.jar:/Users/mattgunter/.m2/repository/org/springframework/boot/spring-boot-starter-tomcat/2.4.0-SNAPSHOT/spring-boot-starter-tomcat-2.4.0-SNAPSHOT.jar:/Users/mattgunter/.m2/repository/org/apache/tomcat/embed/tomcat-embed-core/9.0.37/tomcat-embed-core-9.0.37.jar:/Users/mattgunter/.m2/repository/org/glassfish/jakarta.el/3.0.3/jakarta.el-3.0.3.jar:/Users/mattgunter/.m2/repository/org/apache/tomcat/embed/tomcat-embed-websocket/9.0.37/tomcat-embed-websocket-9.0.37.jar:/Users/mattgunter/.m2/repository/org/springframework/spring-web/5.3.0-M2/spring-web-5.3.0-M2.jar:/Users/mattgunter/.m2/repository/org/springframework/spring-webmvc/5.3.0-M2/spring-webmvc-5.3.0-M2.jar:/Users/mattgunter/.m2/repository/org/springframework/spring-aop/5.3.0-M2/spring-aop-5.3.0-M2.jar:/Users/mattgunter/.m2/repository/org/springframework/spring-expression/5.3.0-M2/spring-expression-5.3.0-M2.jar:/Users/mattgunter/.m2/repository/org/springframework/cloud/spring-cloud-stream/3.1.0-SNAPSHOT/spring-cloud-stream-3.1.0-SNAPSHOT.jar:/Users/mattgunter/.m2/repository/org/springframework/boot/spring-boot-starter-validation/2.4.0-SNAPSHOT/spring-boot-starter-validation-2.4.0-SNAPSHOT.jar:/Users/mattgunter/.m2/repository/org/hibernate/validator/hibernate-validator/6.1.5.Final/hibernate-validator-6.1.5.Final.jar:/Users/mattgunter/.m2/repository/jakarta/validation/jakarta.validation-api/2.0.2/jakarta.validation-api-2.0.2.jar:/Users/mattgunter/.m2/repository/org/jboss/logging/jboss-logging/3.4.1.Final/jboss-logging-3.4.1.Final.jar:/Users/mattgunter/.m2/repository/com/fasterxml/classmate/1.5.1/classmate-1.5.1.jar:/Users/mattgunter/.m2/repository/org/springframework/integration/spring-integration-core/5.4.0-SNAPSHOT/spring-integration-core-5.4.0-SNAPSHOT.jar:/Users/mattgunter/.m2/repository/io/projectreactor/reactor-core/3.4.0-SNAPSHOT/reactor-core-3.4.0-SNAPSHOT.jar:/Users/mattgunter/.m2/repository/org/reactivestreams/reactive-streams/1.0.3/reactive-streams-1.0.3.jar:/Users/mattgunter/.m2/repository/org/jetbrains/kotlin/kotlin-stdlib-jdk8/1.4.0/kotlin-stdlib-jdk8-1.4.0.jar:/Users/mattgunter/.m2/repository/org/jetbrains/kotlin/kotlin-stdlib/1.4.0/kotlin-stdlib-1.4.0.jar:/Users/mattgunter/.m2/repository/org/jetbrains/kotlin/kotlin-stdlib-common/1.4.0/kotlin-stdlib-common-1.4.0.jar:/Users/mattgunter/.m2/repository/org/jetbrains/annotations/13.0/annotations-13.0.jar:/Users/mattgunter/.m2/repository/org/jetbrains/kotlin/kotlin-stdlib-jdk7/1.4.0/kotlin-stdlib-jdk7-1.4.0.jar:/Users/mattgunter/.m2/repository/org/springframework/integration/spring-integration-jmx/5.4.0-SNAPSHOT/spring-integration-jmx-5.4.0-SNAPSHOT.jar:/Users/mattgunter/.m2/repository/org/springframework/retry/spring-retry/1.3.0/spring-retry-1.3.0.jar:/Users/mattgunter/.m2/repository/javax/annotation/javax.annotation-api/1.3.2/javax.annotation-api-1.3.2.jar:/Users/mattgunter/.m2/repository/org/springframework/cloud/spring-cloud-function-context/3.1.0-SNAPSHOT/spring-cloud-function-context-3.1.0-SNAPSHOT.jar:/Users/mattgunter/.m2/repository/net/jodah/typetools/0.6.2/typetools-0.6.2.jar:/Users/mattgunter/.m2/repository/org/springframework/cloud/spring-cloud-function-core/3.1.0-SNAPSHOT/spring-cloud-function-core-3.1.0-SNAPSHOT.jar:/Users/mattgunter/.m2/repository/org/springframework/cloud/spring-cloud-stream-binder-rabbit/3.1.0-SNAPSHOT/spring-cloud-stream-binder-rabbit-3.1.0-SNAPSHOT.jar:/Users/mattgunter/.m2/repository/org/springframework/cloud/spring-cloud-stream-binder-rabbit-core/3.1.0-SNAPSHOT/spring-cloud-stream-binder-rabbit-core-3.1.0-SNAPSHOT.jar:/Users/mattgunter/.m2/repository/org/springframework/integration/spring-integration-amqp/5.4.0-SNAPSHOT/spring-integration-amqp-5.4.0-SNAPSHOT.jar:/Users/mattgunter/.m2/repository/com/rabbitmq/http-client/2.1.0.RELEASE/http-client-2.1.0.RELEASE.jar:/Users/mattgunter/.m2/repository/org/apache/httpcomponents/httpclient/4.5.12/httpclient-4.5.12.jar:/Users/mattgunter/.m2/repository/org/apache/httpcomponents/httpcore/4.4.13/httpcore-4.4.13.jar:/Users/mattgunter/.m2/repository/commons-codec/commons-codec/1.14/commons-codec-1.14.jar:/Users/mattgunter/.m2/repository/org/springframework/boot/spring-boot-devtools/2.4.0-SNAPSHOT/spring-boot-devtools-2.4.0-SNAPSHOT.jar:/Users/mattgunter/.m2/repository/org/springframework/boot/spring-boot/2.4.0-SNAPSHOT/spring-boot-2.4.0-SNAPSHOT.jar:/Users/mattgunter/.m2/repository/org/springframework/boot/spring-boot-autoconfigure/2.4.0-SNAPSHOT/spring-boot-autoconfigure-2.4.0-SNAPSHOT.jar:/Users/mattgunter/.m2/repository/org/springframework/boot/spring-boot-starter-test/2.4.0-SNAPSHOT/spring-boot-starter-test-2.4.0-SNAPSHOT.jar:/Users/mattgunter/.m2/repository/org/springframework/boot/spring-boot-test/2.4.0-SNAPSHOT/spring-boot-test-2.4.0-SNAPSHOT.jar:/Users/mattgunter/.m2/repository/org/springframework/boot/spring-boot-test-autoconfigure/2.4.0-SNAPSHOT/spring-boot-test-autoconfigure-2.4.0-SNAPSHOT.jar:/Users/mattgunter/.m2/repository/com/jayway/jsonpath/json-path/2.4.0/json-path-2.4.0.jar:/Users/mattgunter/.m2/repository/net/minidev/json-smart/2.3/json-smart-2.3.jar:/Users/mattgunter/.m2/repository/net/minidev/accessors-smart/1.2/accessors-smart-1.2.jar:/Users/mattgunter/.m2/repository/org/ow2/asm/asm/5.0.4/asm-5.0.4.jar:/Users/mattgunter/.m2/repository/org/slf4j/slf4j-api/1.7.30/slf4j-api-1.7.30.jar:/Users/mattgunter/.m2/repository/jakarta/xml/bind/jakarta.xml.bind-api/2.3.3/jakarta.xml.bind-api-2.3.3.jar:/Users/mattgunter/.m2/repository/jakarta/activation/jakarta.activation-api/1.2.2/jakarta.activation-api-1.2.2.jar:/Users/mattgunter/.m2/repository/org/assertj/assertj-core/3.16.1/assertj-core-3.16.1.jar:/Users/mattgunter/.m2/repository/org/hamcrest/hamcrest/2.2/hamcrest-2.2.jar:/Users/mattgunter/.m2/repository/org/junit/jupiter/junit-jupiter/5.6.2/junit-jupiter-5.6.2.jar:/Users/mattgunter/.m2/repository/org/junit/jupiter/junit-jupiter-api/5.6.2/junit-jupiter-api-5.6.2.jar:/Users/mattgunter/.m2/repository/org/apiguardian/apiguardian-api/1.1.0/apiguardian-api-1.1.0.jar:/Users/mattgunter/.m2/repository/org/opentest4j/opentest4j/1.2.0/opentest4j-1.2.0.jar:/Users/mattgunter/.m2/repository/org/junit/platform/junit-platform-commons/1.6.2/junit-platform-commons-1.6.2.jar:/Users/mattgunter/.m2/repository/org/junit/jupiter/junit-jupiter-params/5.6.2/junit-jupiter-params-5.6.2.jar:/Users/mattgunter/.m2/repository/org/junit/jupiter/junit-jupiter-engine/5.6.2/junit-jupiter-engine-5.6.2.jar:/Users/mattgunter/.m2/repository/org/junit/platform/junit-platform-engine/1.6.2/junit-platform-engine-1.6.2.jar:/Users/mattgunter/.m2/repository/org/mockito/mockito-core/3.4.6/mockito-core-3.4.6.jar:/Users/mattgunter/.m2/repository/net/bytebuddy/byte-buddy/1.10.14/byte-buddy-1.10.14.jar:/Users/mattgunter/.m2/repository/net/bytebuddy/byte-buddy-agent/1.10.14/byte-buddy-agent-1.10.14.jar:/Users/mattgunter/.m2/repository/org/objenesis/objenesis/2.6/objenesis-2.6.jar:/Users/mattgunter/.m2/repository/org/mockito/mockito-junit-jupiter/3.4.6/mockito-junit-jupiter-3.4.6.jar:/Users/mattgunter/.m2/repository/org/skyscreamer/jsonassert/1.5.0/jsonassert-1.5.0.jar:/Users/mattgunter/.m2/repository/com/vaadin/external/google/android-json/0.0.20131108.vaadin1/android-json-0.0.20131108.vaadin1.jar:/Users/mattgunter/.m2/repository/org/springframework/spring-core/5.3.0-M2/spring-core-5.3.0-M2.jar:/Users/mattgunter/.m2/repository/org/springframework/spring-jcl/5.3.0-M2/spring-jcl-5.3.0-M2.jar:/Users/mattgunter/.m2/repository/org/springframework/spring-test/5.3.0-M2/spring-test-5.3.0-M2.jar:/Users/mattgunter/.m2/repository/org/xmlunit/xmlunit-core/2.7.0/xmlunit-core-2.7.0.jar:/Users/mattgunter/.m2/repository/org/springframework/amqp/spring-rabbit-test/2.3.0-SNAPSHOT/spring-rabbit-test-2.3.0-SNAPSHOT.jar:/Users/mattgunter/.m2/repository/org/springframework/amqp/spring-rabbit-junit/2.3.0-SNAPSHOT/spring-rabbit-junit-2.3.0-SNAPSHOT.jar:/Users/mattgunter/.m2/repository/org/hamcrest/hamcrest-library/2.2/hamcrest-library-2.2.jar:/Users/mattgunter/.m2/repository/org/hamcrest/hamcrest-core/2.2/hamcrest-core-2.2.jar:/Users/mattgunter/.m2/repository/org/springframework/cloud/spring-cloud-stream-test-support/3.1.0-SNAPSHOT/spring-cloud-stream-test-support-3.1.0-SNAPSHOT.jar:/Users/mattgunter/.m2/repository/com/fasterxml/jackson/core/jackson-databind/2.11.2/jackson-databind-2.11.2.jar:/Users/mattgunter/.m2/repository/com/fasterxml/jackson/core/jackson-annotations/2.11.2/jackson-annotations-2.11.2.jar:/Users/mattgunter/.m2/repository/com/fasterxml/jackson/core/jackson-core/2.11.2/jackson-core-2.11.2.jar:"/>
    <property name="java.vm.vendor" value="Oracle Corporation"/>
    <property name="sun.arch.data.model" value="64"/>
    <property name="java.vendor.url" value="https://openjdk.java.net/"/>
    <property name="os.name" value="Mac OS X"/>
    <property name="java.vm.specification.version" value="14"/>
    <property name="sun.java.launcher" value="SUN_STANDARD"/>
    <property name="user.country" value="US"/>
    <property name="sun.boot.library.path" value="/usr/local/Cellar/openjdk/14.0.1/libexec/openjdk.jdk/Contents/Home/lib"/>
    <property name="sun.java.command" value="/Users/mattgunter/Projects/garden-weather-demo2/weather-app/target/surefire/surefirebooter2115565985200666988.jar /Users/mattgunter/Projects/garden-weather-demo2/weather-app/target/surefire 2020-08-25T13-20-59_392-jvmRun1 surefire10228814028587669075tmp surefire_07038586071985601300tmp"/>
    <property name="http.nonProxyHosts" value="local|*.local|169.254/16|*.169.254/16"/>
    <property name="jdk.debug" value="release"/>
    <property name="surefire.test.class.path" value="/Users/mattgunter/Projects/garden-weather-demo2/weather-app/target/test-classes:/Users/mattgunter/Projects/garden-weather-demo2/weather-app/target/classes:/Users/mattgunter/.m2/repository/org/springframework/boot/spring-boot-starter-actuator/2.4.0-SNAPSHOT/spring-boot-starter-actuator-2.4.0-SNAPSHOT.jar:/Users/mattgunter/.m2/repository/org/springframework/boot/spring-boot-starter/2.4.0-SNAPSHOT/spring-boot-starter-2.4.0-SNAPSHOT.jar:/Users/mattgunter/.m2/repository/org/springframework/boot/spring-boot-starter-logging/2.4.0-SNAPSHOT/spring-boot-starter-logging-2.4.0-SNAPSHOT.jar:/Users/mattgunter/.m2/repository/ch/qos/logback/logback-classic/1.2.3/logback-classic-1.2.3.jar:/Users/mattgunter/.m2/repository/ch/qos/logback/logback-core/1.2.3/logback-core-1.2.3.jar:/Users/mattgunter/.m2/repository/org/apache/logging/log4j/log4j-to-slf4j/2.13.3/log4j-to-slf4j-2.13.3.jar:/Users/mattgunter/.m2/repository/org/apache/logging/log4j/log4j-api/2.13.3/log4j-api-2.13.3.jar:/Users/mattgunter/.m2/repository/org/slf4j/jul-to-slf4j/1.7.30/jul-to-slf4j-1.7.30.jar:/Users/mattgunter/.m2/repository/jakarta/annotation/jakarta.annotation-api/1.3.5/jakarta.annotation-api-1.3.5.jar:/Users/mattgunter/.m2/repository/org/yaml/snakeyaml/1.26/snakeyaml-1.26.jar:/Users/mattgunter/.m2/repository/org/springframework/boot/spring-boot-actuator-autoconfigure/2.4.0-SNAPSHOT/spring-boot-actuator-autoconfigure-2.4.0-SNAPSHOT.jar:/Users/mattgunter/.m2/repository/org/springframework/boot/spring-boot-actuator/2.4.0-SNAPSHOT/spring-boot-actuator-2.4.0-SNAPSHOT.jar:/Users/mattgunter/.m2/repository/com/fasterxml/jackson/datatype/jackson-datatype-jsr310/2.11.2/jackson-datatype-jsr310-2.11.2.jar:/Users/mattgunter/.m2/repository/io/micrometer/micrometer-core/1.5.4/micrometer-core-1.5.4.jar:/Users/mattgunter/.m2/repository/org/hdrhistogram/HdrHistogram/2.1.12/HdrHistogram-2.1.12.jar:/Users/mattgunter/.m2/repository/org/latencyutils/LatencyUtils/2.0.3/LatencyUtils-2.0.3.jar:/Users/mattgunter/.m2/repository/org/springframework/boot/spring-boot-starter-amqp/2.4.0-SNAPSHOT/spring-boot-starter-amqp-2.4.0-SNAPSHOT.jar:/Users/mattgunter/.m2/repository/org/springframework/spring-messaging/5.3.0-M2/spring-messaging-5.3.0-M2.jar:/Users/mattgunter/.m2/repository/org/springframework/spring-beans/5.3.0-M2/spring-beans-5.3.0-M2.jar:/Users/mattgunter/.m2/repository/org/springframework/amqp/spring-rabbit/2.3.0-SNAPSHOT/spring-rabbit-2.3.0-SNAPSHOT.jar:/Users/mattgunter/.m2/repository/org/springframework/amqp/spring-amqp/2.3.0-SNAPSHOT/spring-amqp-2.3.0-SNAPSHOT.jar:/Users/mattgunter/.m2/repository/com/rabbitmq/amqp-client/5.9.0/amqp-client-5.9.0.jar:/Users/mattgunter/.m2/repository/org/springframework/spring-context/5.3.0-M2/spring-context-5.3.0-M2.jar:/Users/mattgunter/.m2/repository/org/springframework/spring-tx/5.3.0-M2/spring-tx-5.3.0-M2.jar:/Users/mattgunter/.m2/repository/org/springframework/boot/spring-boot-starter-web/2.4.0-SNAPSHOT/spring-boot-starter-web-2.4.0-SNAPSHOT.jar:/Users/mattgunter/.m2/repository/org/springframework/boot/spring-boot-starter-json/2.4.0-SNAPSHOT/spring-boot-starter-json-2.4.0-SNAPSHOT.jar:/Users/mattgunter/.m2/repository/com/fasterxml/jackson/datatype/jackson-datatype-jdk8/2.11.2/jackson-datatype-jdk8-2.11.2.jar:/Users/mattgunter/.m2/repository/com/fasterxml/jackson/module/jackson-module-parameter-names/2.11.2/jackson-module-parameter-names-2.11.2.jar:/Users/mattgunter/.m2/repository/org/springframework/boot/spring-boot-starter-tomcat/2.4.0-SNAPSHOT/spring-boot-starter-tomcat-2.4.0-SNAPSHOT.jar:/Users/mattgunter/.m2/repository/org/apache/tomcat/embed/tomcat-embed-core/9.0.37/tomcat-embed-core-9.0.37.jar:/Users/mattgunter/.m2/repository/org/glassfish/jakarta.el/3.0.3/jakarta.el-3.0.3.jar:/Users/mattgunter/.m2/repository/org/apache/tomcat/embed/tomcat-embed-websocket/9.0.37/tomcat-embed-websocket-9.0.37.jar:/Users/mattgunter/.m2/repository/org/springframework/spring-web/5.3.0-M2/spring-web-5.3.0-M2.jar:/Users/mattgunter/.m2/repository/org/springframework/spring-webmvc/5.3.0-M2/spring-webmvc-5.3.0-M2.jar:/Users/mattgunter/.m2/repository/org/springframework/spring-aop/5.3.0-M2/spring-aop-5.3.0-M2.jar:/Users/mattgunter/.m2/repository/org/springframework/spring-expression/5.3.0-M2/spring-expression-5.3.0-M2.jar:/Users/mattgunter/.m2/repository/org/springframework/cloud/spring-cloud-stream/3.1.0-SNAPSHOT/spring-cloud-stream-3.1.0-SNAPSHOT.jar:/Users/mattgunter/.m2/repository/org/springframework/boot/spring-boot-starter-validation/2.4.0-SNAPSHOT/spring-boot-starter-validation-2.4.0-SNAPSHOT.jar:/Users/mattgunter/.m2/repository/org/hibernate/validator/hibernate-validator/6.1.5.Final/hibernate-validator-6.1.5.Final.jar:/Users/mattgunter/.m2/repository/jakarta/validation/jakarta.validation-api/2.0.2/jakarta.validation-api-2.0.2.jar:/Users/mattgunter/.m2/repository/org/jboss/logging/jboss-logging/3.4.1.Final/jboss-logging-3.4.1.Final.jar:/Users/mattgunter/.m2/repository/com/fasterxml/classmate/1.5.1/classmate-1.5.1.jar:/Users/mattgunter/.m2/repository/org/springframework/integration/spring-integration-core/5.4.0-SNAPSHOT/spring-integration-core-5.4.0-SNAPSHOT.jar:/Users/mattgunter/.m2/repository/io/projectreactor/reactor-core/3.4.0-SNAPSHOT/reactor-core-3.4.0-SNAPSHOT.jar:/Users/mattgunter/.m2/repository/org/reactivestreams/reactive-streams/1.0.3/reactive-streams-1.0.3.jar:/Users/mattgunter/.m2/repository/org/jetbrains/kotlin/kotlin-stdlib-jdk8/1.4.0/kotlin-stdlib-jdk8-1.4.0.jar:/Users/mattgunter/.m2/repository/org/jetbrains/kotlin/kotlin-stdlib/1.4.0/kotlin-stdlib-1.4.0.jar:/Users/mattgunter/.m2/repository/org/jetbrains/kotlin/kotlin-stdlib-common/1.4.0/kotlin-stdlib-common-1.4.0.jar:/Users/mattgunter/.m2/repository/org/jetbrains/annotations/13.0/annotations-13.0.jar:/Users/mattgunter/.m2/repository/org/jetbrains/kotlin/kotlin-stdlib-jdk7/1.4.0/kotlin-stdlib-jdk7-1.4.0.jar:/Users/mattgunter/.m2/repository/org/springframework/integration/spring-integration-jmx/5.4.0-SNAPSHOT/spring-integration-jmx-5.4.0-SNAPSHOT.jar:/Users/mattgunter/.m2/repository/org/springframework/retry/spring-retry/1.3.0/spring-retry-1.3.0.jar:/Users/mattgunter/.m2/repository/javax/annotation/javax.annotation-api/1.3.2/javax.annotation-api-1.3.2.jar:/Users/mattgunter/.m2/repository/org/springframework/cloud/spring-cloud-function-context/3.1.0-SNAPSHOT/spring-cloud-function-context-3.1.0-SNAPSHOT.jar:/Users/mattgunter/.m2/repository/net/jodah/typetools/0.6.2/typetools-0.6.2.jar:/Users/mattgunter/.m2/repository/org/springframework/cloud/spring-cloud-function-core/3.1.0-SNAPSHOT/spring-cloud-function-core-3.1.0-SNAPSHOT.jar:/Users/mattgunter/.m2/repository/org/springframework/cloud/spring-cloud-stream-binder-rabbit/3.1.0-SNAPSHOT/spring-cloud-stream-binder-rabbit-3.1.0-SNAPSHOT.jar:/Users/mattgunter/.m2/repository/org/springframework/cloud/spring-cloud-stream-binder-rabbit-core/3.1.0-SNAPSHOT/spring-cloud-stream-binder-rabbit-core-3.1.0-SNAPSHOT.jar:/Users/mattgunter/.m2/repository/org/springframework/integration/spring-integration-amqp/5.4.0-SNAPSHOT/spring-integration-amqp-5.4.0-SNAPSHOT.jar:/Users/mattgunter/.m2/repository/com/rabbitmq/http-client/2.1.0.RELEASE/http-client-2.1.0.RELEASE.jar:/Users/mattgunter/.m2/repository/org/apache/httpcomponents/httpclient/4.5.12/httpclient-4.5.12.jar:/Users/mattgunter/.m2/repository/org/apache/httpcomponents/httpcore/4.4.13/httpcore-4.4.13.jar:/Users/mattgunter/.m2/repository/commons-codec/commons-codec/1.14/commons-codec-1.14.jar:/Users/mattgunter/.m2/repository/org/springframework/boot/spring-boot-devtools/2.4.0-SNAPSHOT/spring-boot-devtools-2.4.0-SNAPSHOT.jar:/Users/mattgunter/.m2/repository/org/springframework/boot/spring-boot/2.4.0-SNAPSHOT/spring-boot-2.4.0-SNAPSHOT.jar:/Users/mattgunter/.m2/repository/org/springframework/boot/spring-boot-autoconfigure/2.4.0-SNAPSHOT/spring-boot-autoconfigure-2.4.0-SNAPSHOT.jar:/Users/mattgunter/.m2/repository/org/springframework/boot/spring-boot-starter-test/2.4.0-SNAPSHOT/spring-boot-starter-test-2.4.0-SNAPSHOT.jar:/Users/mattgunter/.m2/repository/org/springframework/boot/spring-boot-test/2.4.0-SNAPSHOT/spring-boot-test-2.4.0-SNAPSHOT.jar:/Users/mattgunter/.m2/repository/org/springframework/boot/spring-boot-test-autoconfigure/2.4.0-SNAPSHOT/spring-boot-test-autoconfigure-2.4.0-SNAPSHOT.jar:/Users/mattgunter/.m2/repository/com/jayway/jsonpath/json-path/2.4.0/json-path-2.4.0.jar:/Users/mattgunter/.m2/repository/net/minidev/json-smart/2.3/json-smart-2.3.jar:/Users/mattgunter/.m2/repository/net/minidev/accessors-smart/1.2/accessors-smart-1.2.jar:/Users/mattgunter/.m2/repository/org/ow2/asm/asm/5.0.4/asm-5.0.4.jar:/Users/mattgunter/.m2/repository/org/slf4j/slf4j-api/1.7.30/slf4j-api-1.7.30.jar:/Users/mattgunter/.m2/repository/jakarta/xml/bind/jakarta.xml.bind-api/2.3.3/jakarta.xml.bind-api-2.3.3.jar:/Users/mattgunter/.m2/repository/jakarta/activation/jakarta.activation-api/1.2.2/jakarta.activation-api-1.2.2.jar:/Users/mattgunter/.m2/repository/org/assertj/assertj-core/3.16.1/assertj-core-3.16.1.jar:/Users/mattgunter/.m2/repository/org/hamcrest/hamcrest/2.2/hamcrest-2.2.jar:/Users/mattgunter/.m2/repository/org/junit/jupiter/junit-jupiter/5.6.2/junit-jupiter-5.6.2.jar:/Users/mattgunter/.m2/repository/org/junit/jupiter/junit-jupiter-api/5.6.2/junit-jupiter-api-5.6.2.jar:/Users/mattgunter/.m2/repository/org/apiguardian/apiguardian-api/1.1.0/apiguardian-api-1.1.0.jar:/Users/mattgunter/.m2/repository/org/opentest4j/opentest4j/1.2.0/opentest4j-1.2.0.jar:/Users/mattgunter/.m2/repository/org/junit/platform/junit-platform-commons/1.6.2/junit-platform-commons-1.6.2.jar:/Users/mattgunter/.m2/repository/org/junit/jupiter/junit-jupiter-params/5.6.2/junit-jupiter-params-5.6.2.jar:/Users/mattgunter/.m2/repository/org/junit/jupiter/junit-jupiter-engine/5.6.2/junit-jupiter-engine-5.6.2.jar:/Users/mattgunter/.m2/repository/org/junit/platform/junit-platform-engine/1.6.2/junit-platform-engine-1.6.2.jar:/Users/mattgunter/.m2/repository/org/mockito/mockito-core/3.4.6/mockito-core-3.4.6.jar:/Users/mattgunter/.m2/repository/net/bytebuddy/byte-buddy/1.10.14/byte-buddy-1.10.14.jar:/Users/mattgunter/.m2/repository/net/bytebuddy/byte-buddy-agent/1.10.14/byte-buddy-agent-1.10.14.jar:/Users/mattgunter/.m2/repository/org/objenesis/objenesis/2.6/objenesis-2.6.jar:/Users/mattgunter/.m2/repository/org/mockito/mockito-junit-jupiter/3.4.6/mockito-junit-jupiter-3.4.6.jar:/Users/mattgunter/.m2/repository/org/skyscreamer/jsonassert/1.5.0/jsonassert-1.5.0.jar:/Users/mattgunter/.m2/repository/com/vaadin/external/google/android-json/0.0.20131108.vaadin1/android-json-0.0.20131108.vaadin1.jar:/Users/mattgunter/.m2/repository/org/springframework/spring-core/5.3.0-M2/spring-core-5.3.0-M2.jar:/Users/mattgunter/.m2/repository/org/springframework/spring-jcl/5.3.0-M2/spring-jcl-5.3.0-M2.jar:/Users/mattgunter/.m2/repository/org/springframework/spring-test/5.3.0-M2/spring-test-5.3.0-M2.jar:/Users/mattgunter/.m2/repository/org/xmlunit/xmlunit-core/2.7.0/xmlunit-core-2.7.0.jar:/Users/mattgunter/.m2/repository/org/springframework/amqp/spring-rabbit-test/2.3.0-SNAPSHOT/spring-rabbit-test-2.3.0-SNAPSHOT.jar:/Users/mattgunter/.m2/repository/org/springframework/amqp/spring-rabbit-junit/2.3.0-SNAPSHOT/spring-rabbit-junit-2.3.0-SNAPSHOT.jar:/Users/mattgunter/.m2/repository/org/hamcrest/hamcrest-library/2.2/hamcrest-library-2.2.jar:/Users/mattgunter/.m2/repository/org/hamcrest/hamcrest-core/2.2/hamcrest-core-2.2.jar:/Users/mattgunter/.m2/repository/org/springframework/cloud/spring-cloud-stream-test-support/3.1.0-SNAPSHOT/spring-cloud-stream-test-support-3.1.0-SNAPSHOT.jar:/Users/mattgunter/.m2/repository/com/fasterxml/jackson/core/jackson-databind/2.11.2/jackson-databind-2.11.2.jar:/Users/mattgunter/.m2/repository/com/fasterxml/jackson/core/jackson-annotations/2.11.2/jackson-annotations-2.11.2.jar:/Users/mattgunter/.m2/repository/com/fasterxml/jackson/core/jackson-core/2.11.2/jackson-core-2.11.2.jar:"/>
    <property name="sun.cpu.endian" value="little"/>
    <property name="user.home" value="/Users/mattgunter"/>
    <property name="user.language" value="en"/>
    <property name="java.specification.vendor" value="Oracle Corporation"/>
    <property name="java.version.date" value="2020-04-14"/>
    <property name="java.home" value="/usr/local/Cellar/openjdk/14.0.1/libexec/openjdk.jdk/Contents/Home"/>
    <property name="file.separator" value="/"/>
    <property name="basedir" value="/Users/mattgunter/Projects/garden-weather-demo2/weather-app"/>
    <property name="java.vm.compressedOopsMode" value="Zero based"/>
    <property name="line.separator" value="&#10;"/>
    <property name="java.specification.name" value="Java Platform API Specification"/>
    <property name="java.vm.specification.vendor" value="Oracle Corporation"/>
    <property name="surefire.real.class.path" value="/Users/mattgunter/Projects/garden-weather-demo2/weather-app/target/surefire/surefirebooter2115565985200666988.jar"/>
    <property name="sun.management.compiler" value="HotSpot 64-Bit Tiered Compilers"/>
    <property name="ftp.nonProxyHosts" value="local|*.local|169.254/16|*.169.254/16"/>
    <property name="java.runtime.version" value="14.0.1+14"/>
    <property name="user.name" value="mattgunter"/>
    <property name="path.separator" value=":"/>
    <property name="os.version" value="10.15.6"/>
    <property name="java.runtime.name" value="OpenJDK Runtime Environment"/>
    <property name="file.encoding" value="UTF-8"/>
    <property name="java.vm.name" value="OpenJDK 64-Bit Server VM"/>
    <property name="localRepository" value="/Users/mattgunter/.m2/repository"/>
    <property name="java.vendor.url.bug" value="https://bugreport.java.com/bugreport/"/>
    <property name="java.io.tmpdir" value="/var/folders/yr/9px52t190_g1kg3vrms70x380000gn/T/"/>
    <property name="java.version" value="14.0.1"/>
    <property name="user.dir" value="/Users/mattgunter/Projects/garden-weather-demo2/weather-app"/>
    <property name="os.arch" value="x86_64"/>
    <property name="java.vm.specification.name" value="Java Virtual Machine Specification"/>
    <property name="java.library.path" value="/Users/mattgunter/Library/Java/Extensions:/Library/Java/Extensions:/Network/Library/Java/Extensions:/System/Library/Java/Extensions:/usr/lib/java:."/>
    <property name="java.vm.info" value="mixed mode, sharing"/>
    <property name="java.vendor" value="N/A"/>
    <property name="java.vm.version" value="14.0.1+14"/>
    <property name="sun.io.unicode.encoding" value="UnicodeBig"/>
    <property name="socksNonProxyHosts" value="local|*.local|169.254/16|*.169.254/16"/>
    <property name="java.class.version" value="58.0"/>
  </properties>
  <testcase name="contextLoads" classname="gov.mil.weatherapp.WeatherappApplicationTests" time="0.419"/>
</testsuite>